{
  "stats": {
    "suites": 1,
    "tests": 1,
    "passes": 1,
    "pending": 0,
    "failures": 0,
    "start": "2026-09-22T04:27:26.830Z",
    "end": "2026-09-22T04:27:35.837Z",
    "duration": 9007,
    "testsRegistered": 1,
    "passPercent": 100,
    "pendingPercent": 0,
    "other": 0,
    "hasOther": false,
    "skipped": 0,
    "hasSkipped": false
  },
  "results": [
    {
      "uuid": "3e6aface-2a56-4fbb-8828-8d3b871dc960",
      "title": "",
      "fullFile": "cypress\\e2e\\PEJENP\\01_EJENP_LOGIN.cy.js",
      "file": "cypress\\e2e\\PEJENP\\01_EJENP_LOGIN.cy.js",
      "beforeHooks": [],
      "afterHooks": [],
      "tests": [],
      "suites": [
        {
          "uuid": "208cb291-82bd-47ab-add8-3988afe3a8e6",
          "title": "Registro de Expediente",
          "fullFile": "",
          "file": "",
          "beforeHooks": [],
          "afterHooks": [],
          "tests": [
            {
              "title": "Registro de nuevo expediente",
              "fullTitle": "Registro de Expediente Registro de nuevo expediente",
              "timedOut": null,
              "duration": 7734,
              "state": "passed",
              "speed": "medium",
              "pass": true,
              "fail": false,
              "pending": false,
              "context": null,
              "code": "// Entrar al portal\n// ambiente preproductivo\ncy.visit('https://panel-preprd-sideju.pj.gob.pe/');\n//ambiente de pruebas\n//cy.visit('https://panel-pruebas-sideju.pj.gob.pe/')\n// Esperar redirección a identidad\ncy.location('origin', {\n  timeout: 20000\n})\n//ambiente preproductivo \n.should('include', 'identidad-preprd-sideju');\n//ambiente pruebas\n//.should('include', 'identidad-pruebas-sideju')\n// Manejar login\n//ambiente preproductivo\ncy.origin('https://identidad-preprd-sideju.pj.gob.pe', () => {\n  //ambiente de pruebas\n  //cy.origin('https://identidad-pruebas-sideju.pj.gob.pe', () => {\n  cy.screenshot('Ingresando al Panel de Pruebas para el Login');\n  cy.get('#hiddenUsername', {\n    timeout: 10000\n  }).invoke('val', Cypress.env('username'));\n  cy.get('#hiddenPassword').invoke('val', Cypress.env('password'));\n  cy.screenshot('Ingresando Usuario y Contraseña');\n  cy.get('#kc-login').click();\n});\n// Validar regreso al portal\ncy.location('origin', {\n  timeout: 20000\n})\n//ambiente preproductivo     \n.should('include', 'panel-preprd-sideju');\n//ambiente de pruebas\n//.should('include', 'panel-pruebas-sideju')\n//Click en registrar nuevo expediente  \n//cy.get('[data-testid=\"NEW_PROCESS\"]', { timeout: 20000 })\ncy.get('[data-testid=\"new-dropdown\"]', {\n  timeout: 20000\n}).should('be.visible').click();\n//  cy.contains('[role=\"option\"]', 'Nuevo expediente digital')  .click();\n//cy.get('[data-testid=\"NEW_PROCESS\"] > .MuiButton-label > .jss331').click();\ncy.get('[data-testid=\"NEW_PROCESS\"]', {\n  timeout: 10000\n}).click();\ncy.screenshot('Ingresando a la pantalla principal del EJE');",
              "err": {},
              "uuid": "caab3124-4f9d-4f72-b229-0837595bb978",
              "parentUUID": "208cb291-82bd-47ab-add8-3988afe3a8e6",
              "isHook": false,
              "skipped": false
            }
          ],
          "suites": [],
          "passes": [
            "caab3124-4f9d-4f72-b229-0837595bb978"
          ],
          "failures": [],
          "pending": [],
          "skipped": [],
          "duration": 7734,
          "root": false,
          "rootEmpty": false,
          "_timeout": 2000
        }
      ],
      "passes": [],
      "failures": [],
      "pending": [],
      "skipped": [],
      "duration": 0,
      "root": true,
      "rootEmpty": true,
      "_timeout": 2000
    }
  ],
  "meta": {
    "mocha": {
      "version": "7.2.0"
    },
    "mochawesome": {
      "options": {
        "quiet": false,
        "reportFilename": "mochawesome",
        "saveHtml": true,
        "saveJson": true,
        "consoleReporter": "spec",
        "useInlineDiffs": false,
        "code": true
      },
      "version": "7.1.4"
    },
    "marge": {
      "options": {
        "reportDir": "cypress/reports",
        "overwrite": false,
        "html": true,
        "json": true
      },
      "version": "6.3.2"
    }
  }
}